0 info it worked if it ends with ok
<<<<<<< HEAD
1 verbose cli [ '/usr/local/Cellar/node/0.12.4/bin/node',
1 verbose cli   '/usr/local/bin/npm',
1 verbose cli   'test' ]
2 info using npm@3.3.12
3 info using node@v5.2.0
4 verbose stack Error: ENOENT: no such file or directory, open '/Users/salahbennour/SI5/Projets/Web/Programmable_Web/package.json'
4 verbose stack     at Error (native)
5 verbose cwd /Users/salahbennour/SI5/Projets/Web/Programmable_Web
6 error Darwin 14.5.0
7 error argv "/usr/local/Cellar/node/0.12.4/bin/node" "/usr/local/bin/npm" "test"
8 error node v5.2.0
9 error npm  v3.3.12
10 error path /Users/salahbennour/SI5/Projets/Web/Programmable_Web/package.json
11 error code ENOENT
12 error errno -2
13 error syscall open
14 error enoent ENOENT: no such file or directory, open '/Users/salahbennour/SI5/Projets/Web/Programmable_Web/package.json'
14 error enoent This is most likely not a problem with npm itself
14 error enoent and is related to npm not being able to find a file.
15 verbose exit [ -2, true ]
=======
1 verbose cli [ '/usr/local/bin/node', '/usr/local/bin/npm', 'start' ]
2 info using npm@3.5.2
3 info using node@v4.2.3
4 verbose stack Error: ENOENT: no such file or directory, open '/home/sy306571/5A/ProgramWeb/package.json'
4 verbose stack     at Error (native)
5 verbose cwd /home/sy306571/5A/ProgramWeb/Programmable_Web
6 error Linux 3.13.0-77-generic
7 error argv "/usr/local/bin/node" "/usr/local/bin/npm" "start"
8 error node v4.2.3
9 error npm  v3.5.2
10 error path /home/sy306571/5A/ProgramWeb/package.json
11 error code ENOENT
12 error errno -2
13 error syscall open
14 error enoent ENOENT: no such file or directory, open '/home/sy306571/5A/ProgramWeb/package.json'
15 error enoent ENOENT: no such file or directory, open '/home/sy306571/5A/ProgramWeb/package.json'
15 error enoent This is most likely not a problem with npm itself
15 error enoent and is related to npm not being able to find a file.
16 verbose exit [ -2, true ]
>>>>>>> b52eb62bea48eab99906605edf7f00a6ee6afaca
